<?xml version="1.0" encoding="UTF-8"?>
<!-- Generated by org.testng.reporters.JUnitReportReporter -->
<testsuite hostname="TTNDALAPLIN009" failures="0" tests="2" name="learning.Weather" time="1.780" errors="0" timestamp="2022-11-10T00:18:46 IST" skipped="1">
  <testcase classname="learning.Weather" name="getRequest2" time="1.780"/>
  <system-out/>
  <testcase classname="learning.Weather" name="getRequest1">
    <skipped/>
  </testcase> <!-- getRequest1 -->
  <system-out/>
</testsuite> <!-- learning.Weather -->
